0 info it worked if it ends with ok
1 verbose cli [ '/usr/bin/nodejs', '/usr/local/bin/npm', 'install' ]
2 info using npm@3.9.0
3 info using node@v4.2.6
4 silly loadCurrentTree Starting
5 silly install loadCurrentTree
6 silly install readLocalPackageData
7 silly install normalizeTree
8 silly loadCurrentTree Finishing
9 silly loadIdealTree Starting
10 silly install loadIdealTree
11 silly cloneCurrentTree Starting
12 silly install cloneCurrentTreeToIdealTree
13 silly cloneCurrentTree Finishing
14 silly loadShrinkwrap Starting
15 silly install loadShrinkwrap
16 silly loadShrinkwrap Finishing
17 silly loadAllDepsIntoIdealTree Starting
18 silly install loadAllDepsIntoIdealTree
19 silly fetchNamedPackageData bootstrap
20 silly mapToRegistry name bootstrap
21 silly mapToRegistry using default registry
22 silly mapToRegistry registry https://registry.npmjs.org/
23 silly mapToRegistry data Result {
23 silly mapToRegistry   raw: 'bootstrap',
23 silly mapToRegistry   scope: null,
23 silly mapToRegistry   name: 'bootstrap',
23 silly mapToRegistry   rawSpec: '',
23 silly mapToRegistry   spec: 'latest',
23 silly mapToRegistry   type: 'tag' }
24 silly mapToRegistry uri https://registry.npmjs.org/bootstrap
25 verbose request uri https://registry.npmjs.org/bootstrap
26 verbose request no auth needed
27 info attempt registry request try #1 at 10:23:27 PM
28 verbose request id d5dd3982d4f78235
29 verbose etag W/"592d4704-c726"
30 verbose lastModified Tue, 30 May 2017 10:18:44 GMT
31 http request GET https://registry.npmjs.org/bootstrap
32 http 304 https://registry.npmjs.org/bootstrap
33 verbose headers { date: 'Tue, 30 May 2017 16:53:28 GMT',
33 verbose headers   via: '1.1 varnish',
33 verbose headers   'cache-control': 'max-age=300',
33 verbose headers   etag: 'W/"592d4704-c726"',
33 verbose headers   age: '72',
33 verbose headers   connection: 'keep-alive',
33 verbose headers   'x-served-by': 'cache-lhr6321-LHR',
33 verbose headers   'x-cache': 'HIT',
33 verbose headers   'x-cache-hits': '1',
33 verbose headers   'x-timer': 'S1496163209.639218,VS0,VE1',
33 verbose headers   vary: 'Accept-Encoding' }
34 silly get cb [ 304,
34 silly get   { date: 'Tue, 30 May 2017 16:53:28 GMT',
34 silly get     via: '1.1 varnish',
34 silly get     'cache-control': 'max-age=300',
34 silly get     etag: 'W/"592d4704-c726"',
34 silly get     age: '72',
34 silly get     connection: 'keep-alive',
34 silly get     'x-served-by': 'cache-lhr6321-LHR',
34 silly get     'x-cache': 'HIT',
34 silly get     'x-cache-hits': '1',
34 silly get     'x-timer': 'S1496163209.639218,VS0,VE1',
34 silly get     vary: 'Accept-Encoding' } ]
35 verbose etag https://registry.npmjs.org/bootstrap from cache
36 verbose get saving bootstrap to /home/prakash/.npm/registry.npmjs.org/bootstrap/.cache.json
37 verbose correctMkdir /home/prakash/.npm correctMkdir not in flight; initializing
38 silly fetchNamedPackageData No valid target from cache, forcing network
39 verbose request uri https://registry.npmjs.org/bootstrap
40 verbose request no auth needed
41 info attempt registry request try #1 at 10:23:28 PM
42 http request GET https://registry.npmjs.org/bootstrap
43 http 200 https://registry.npmjs.org/bootstrap
44 verbose headers { server: 'nginx/1.10.1',
44 verbose headers   'content-type': 'application/json',
44 verbose headers   'last-modified': 'Tue, 30 May 2017 10:18:44 GMT',
44 verbose headers   etag: 'W/"592d4704-c726"',
44 verbose headers   'content-encoding': 'gzip',
44 verbose headers   'cache-control': 'max-age=300',
44 verbose headers   'content-length': '9816',
44 verbose headers   'accept-ranges': 'bytes',
44 verbose headers   date: 'Tue, 30 May 2017 16:53:29 GMT',
44 verbose headers   via: '1.1 varnish',
44 verbose headers   age: '73',
44 verbose headers   connection: 'keep-alive',
44 verbose headers   'x-served-by': 'cache-lhr6330-LHR',
44 verbose headers   'x-cache': 'HIT',
44 verbose headers   'x-cache-hits': '1',
44 verbose headers   'x-timer': 'S1496163209.206183,VS0,VE0',
44 verbose headers   vary: 'Accept-Encoding' }
45 silly get cb [ 200,
45 silly get   { server: 'nginx/1.10.1',
45 silly get     'content-type': 'application/json',
45 silly get     'last-modified': 'Tue, 30 May 2017 10:18:44 GMT',
45 silly get     etag: 'W/"592d4704-c726"',
45 silly get     'content-encoding': 'gzip',
45 silly get     'cache-control': 'max-age=300',
45 silly get     'content-length': '9816',
45 silly get     'accept-ranges': 'bytes',
45 silly get     date: 'Tue, 30 May 2017 16:53:29 GMT',
45 silly get     via: '1.1 varnish',
45 silly get     age: '73',
45 silly get     connection: 'keep-alive',
45 silly get     'x-served-by': 'cache-lhr6330-LHR',
45 silly get     'x-cache': 'HIT',
45 silly get     'x-cache-hits': '1',
45 silly get     'x-timer': 'S1496163209.206183,VS0,VE0',
45 silly get     vary: 'Accept-Encoding' } ]
46 verbose get saving bootstrap to /home/prakash/.npm/registry.npmjs.org/bootstrap/.cache.json
47 verbose correctMkdir /home/prakash/.npm correctMkdir not in flight; initializing
48 silly fetchPackageMetaData Error: No compatible version found: bootstrap@3.0.0
48 silly fetchPackageMetaData Valid install targets:
48 silly fetchPackageMetaData 4.0.0-alpha.6, 4.0.0-alpha.5, 4.0.0-alpha.4, 4.0.0-alpha.3, 4.0.0-alpha.2, 3.3.7, 3.3.6, 3.3.5, 3.3.4, 3.3.2, 3.3.1, 3.3.0, 3.2.0, 3.1.1, 0.0.2, 0.0.1
48 silly fetchPackageMetaData
48 silly fetchPackageMetaData     at pickVersionFromRegistryDocument (/usr/local/lib/node_modules/npm/lib/fetch-package-metadata.js:167:16)
48 silly fetchPackageMetaData     at /usr/local/lib/node_modules/npm/node_modules/iferr/index.js:13:50
48 silly fetchPackageMetaData     at /usr/local/lib/node_modules/npm/lib/utils/pulse-till-done.js:19:8
48 silly fetchPackageMetaData     at saved (/usr/local/lib/node_modules/npm/lib/cache/caching-client.js:174:7)
48 silly fetchPackageMetaData     at /usr/local/lib/node_modules/npm/node_modules/graceful-fs/polyfills.js:210:7
48 silly fetchPackageMetaData     at FSReqWrap.oncomplete (fs.js:82:15)
48 silly fetchPackageMetaData  error for bootstrap@3.0.0 [Error: No compatible version found: bootstrap@3.0.0
48 silly fetchPackageMetaData Valid install targets:
48 silly fetchPackageMetaData 4.0.0-alpha.6, 4.0.0-alpha.5, 4.0.0-alpha.4, 4.0.0-alpha.3, 4.0.0-alpha.2, 3.3.7, 3.3.6, 3.3.5, 3.3.4, 3.3.2, 3.3.1, 3.3.0, 3.2.0, 3.1.1, 0.0.2, 0.0.1
48 silly fetchPackageMetaData ]
49 silly rollbackFailedOptional Starting
50 silly rollbackFailedOptional Finishing
51 silly runTopLevelLifecycles Starting
52 silly runTopLevelLifecycles Finishing
53 silly install printInstalled
54 verbose stack Error: No compatible version found: bootstrap@3.0.0
54 verbose stack Valid install targets:
54 verbose stack 4.0.0-alpha.6, 4.0.0-alpha.5, 4.0.0-alpha.4, 4.0.0-alpha.3, 4.0.0-alpha.2, 3.3.7, 3.3.6, 3.3.5, 3.3.4, 3.3.2, 3.3.1, 3.3.0, 3.2.0, 3.1.1, 0.0.2, 0.0.1
54 verbose stack
54 verbose stack     at pickVersionFromRegistryDocument (/usr/local/lib/node_modules/npm/lib/fetch-package-metadata.js:167:16)
54 verbose stack     at /usr/local/lib/node_modules/npm/node_modules/iferr/index.js:13:50
54 verbose stack     at /usr/local/lib/node_modules/npm/lib/utils/pulse-till-done.js:19:8
54 verbose stack     at saved (/usr/local/lib/node_modules/npm/lib/cache/caching-client.js:174:7)
54 verbose stack     at /usr/local/lib/node_modules/npm/node_modules/graceful-fs/polyfills.js:210:7
54 verbose stack     at FSReqWrap.oncomplete (fs.js:82:15)
55 verbose cwd /home/prakash/work/workspace/DemoWeb
56 error Linux 4.4.0-78-generic
57 error argv "/usr/bin/nodejs" "/usr/local/bin/npm" "install"
58 error node v4.2.6
59 error npm  v3.9.0
60 error No compatible version found: bootstrap@3.0.0
60 error Valid install targets:
60 error 4.0.0-alpha.6, 4.0.0-alpha.5, 4.0.0-alpha.4, 4.0.0-alpha.3, 4.0.0-alpha.2, 3.3.7, 3.3.6, 3.3.5, 3.3.4, 3.3.2, 3.3.1, 3.3.0, 3.2.0, 3.1.1, 0.0.2, 0.0.1
61 error If you need help, you may report this error at:
61 error     <https://github.com/npm/npm/issues>
62 verbose exit [ 1, true ]
